|-----------------------------------------------------------------------------------------------|
| PAT_NAME                                | RUN_DATE                      | RESULT              |
|-----------------------------------------------------------------------------------------------|
| apb_multiple_access                     | 23:32:58 Aug 13 2025          | PASSED              |
|-----------------------------------------------------------------------------------------------|
| apb_protocol_chk                        | 23:33:00 Aug 13 2025          | PASSED              |
|-----------------------------------------------------------------------------------------------|
| apb_unaligned_chk                       | 23:33:02 Aug 13 2025          | PASSED              |
|-----------------------------------------------------------------------------------------------|
| cnt_counting_chk                        | 23:33:04 Aug 13 2025          | PASSED              |
|-----------------------------------------------------------------------------------------------|
| cnt_ctrl_chk                            | 23:33:25 Aug 13 2025          | PASSED              |
|-----------------------------------------------------------------------------------------------|
| interrupt_chk                           | 23:33:28 Aug 13 2025          | PASSED              |
|-----------------------------------------------------------------------------------------------|
| reg_1hot_chk                            | 23:33:30 Aug 13 2025          | PASSED              |
|-----------------------------------------------------------------------------------------------|
| reg_init_chk                            | 23:33:32 Aug 13 2025          | PASSED              |
|-----------------------------------------------------------------------------------------------|
| reg_reserved_chk                        | 23:33:34 Aug 13 2025          | PASSED              |
|-----------------------------------------------------------------------------------------------|
| reg_rw_chk                              | 23:33:36 Aug 13 2025          | PASSED              |
|-----------------------------------------------------------------------------------------------|
